<?xml version="1.0" encoding="UTF-8"?>
<!-- Generated by org.testng.reporters.JUnitReportReporter -->
<testsuite hostname="DT-RAVIYADAV" name="com.phm.hec.PD.Testcases.TC403DeleteFile" tests="1" failures="0" timestamp="30 Jun 2017 09:50:06 GMT" time="42.993" errors="0">
  <testcase name="deletefile" time="42.993" classname="com.phm.hec.PD.Testcases.TC403DeleteFile"/>
</testsuite> <!-- com.phm.hec.PD.Testcases.TC403DeleteFile -->
