<?xml version="1.0" encoding="UTF-8"?>
<!-- Generated by org.testng.reporters.JUnitReportReporter -->
<testsuite hostname="DT-KALYANASHIS" name="com.phm.hec.testcases.initiate" tests="1" failures="0" timestamp="3 Jul 2017 14:44:08 GMT" time="25.361" errors="0">
  <testcase name="loginn" time="25.361" classname="com.phm.hec.testcases.initiate"/>
</testsuite> <!-- com.phm.hec.testcases.initiate -->
