<?xml version="1.0" encoding="UTF-8"?>
<!-- Generated by org.testng.reporters.JUnitReportReporter -->
<testsuite hostname="DT-KALYANASHIS" name="com.phm.hec.PD.Testcases.TC16AddAccount" tests="1" failures="0" timestamp="3 Jul 2017 14:44:08 GMT" time="39.201" errors="0">
  <testcase name="AddAccount" time="39.201" classname="com.phm.hec.PD.Testcases.TC16AddAccount"/>
</testsuite> <!-- com.phm.hec.PD.Testcases.TC16AddAccount -->
