<?xml version="1.0" encoding="UTF-8"?>
<!-- Generated by org.testng.reporters.JUnitReportReporter -->
<testsuite hostname="DT-KALYANASHIS" name="com.phm.hec.testcases.EndTestSuiteRun" tests="1" failures="0" timestamp="3 Jul 2017 14:44:08 GMT" time="4.682" errors="0">
  <testcase name="EndTestSuite" time="4.682" classname="com.phm.hec.testcases.EndTestSuiteRun"/>
</testsuite> <!-- com.phm.hec.testcases.EndTestSuiteRun -->
