<?xml version="1.0" encoding="UTF-8"?>
<!-- Generated by org.testng.reporters.JUnitReportReporter -->
<<<<<<< .mine
<testsuite hostname="DT-RAVIYADAV" name="com.phm.hec.testcases.TC399" tests="1" failures="0" timestamp="16 Jun 2017 14:06:27 GMT" time="2.554" errors="0">
  <testcase name="AddProvider" time="2.554" classname="com.phm.hec.testcases.TC399"/>
||||||| .r129
=======
<testsuite hostname="LT-MAHESHANANDA" name="com.phm.hec.testcases.TC399" tests="1" failures="0" timestamp="16 Jun 2017 16:52:25 GMT" time="9.938" errors="0">
  <testcase name="AddProvider" time="9.938" classname="com.phm.hec.testcases.TC399"/>
>>>>>>> .r138
</testsuite> <!-- com.phm.hec.testcases.TC399 -->
